<?xml version="1.0" encoding="UTF-8"?>
<testng-results skipped="0" failed="0" ignored="0" total="1" passed="1">
  <reporter-output>
  </reporter-output>
  <suite name="Default suite" duration-ms="3277" started-at="2020-08-19T02:48:48Z" finished-at="2020-08-19T02:48:51Z">
    <groups>
    </groups>
    <test name="Default test" duration-ms="3277" started-at="2020-08-19T02:48:48Z" finished-at="2020-08-19T02:48:51Z">
      <class name="webdriverMaven.LoginTest">
        <test-method status="PASS" signature="setUp()[pri:0, instance:webdriverMaven.LoginTest@20d3d15a]" name="setUp" is-config="true" duration-ms="6405" started-at="2020-08-19T02:48:41Z" finished-at="2020-08-19T02:48:48Z">
          <reporter-output>
          </reporter-output>
        </test-method> <!-- setUp -->
        <test-method status="PASS" signature="doLogin()[pri:0, instance:webdriverMaven.LoginTest@20d3d15a]" name="doLogin" duration-ms="3243" started-at="2020-08-19T02:48:48Z" finished-at="2020-08-19T02:48:51Z">
          <reporter-output>
          </reporter-output>
        </test-method> <!-- doLogin -->
        <test-method status="PASS" signature="tearDown()[pri:0, instance:webdriverMaven.LoginTest@20d3d15a]" name="tearDown" is-config="true" duration-ms="4044" started-at="2020-08-19T02:48:51Z" finished-at="2020-08-19T02:48:55Z">
          <reporter-output>
          </reporter-output>
        </test-method> <!-- tearDown -->
      </class> <!-- webdriverMaven.LoginTest -->
    </test> <!-- Default test -->
  </suite> <!-- Default suite -->
</testng-results>
